frontend/android/app/build/intermediates/manifest_merge_blame_file/debug/manifest-merger-blame-debug-report.txt
1<?xml version="1.0" encoding="utf-8"?>
2<manifest xmlns:android="http://schemas.android.com/apk/res/android"
3    package="com.hetupathways.app"
4    android:versionCode="1"
5    android:versionName="1.0" >
6
7    <uses-sdk
8        android:minSdkVersion="22"
9        android:targetSdkVersion="34" />
10
11    <!-- Permissions -->
12
13    <uses-permission android:name="android.permission.INTERNET" />
13-->src\main\AndroidManifest.xml:42:5-67
13-->src\main\AndroidManifest.xml:42:22-64
14
15    <!-- Bluetooth permissions for Android 12 and higher -->
16    <uses-permission
16-->src\main\AndroidManifest.xml:45:5-120
17        android:name="android.permission.BLUETOOTH_SCAN"
17-->src\main\AndroidManifest.xml:45:22-70
18        android:usesPermissionFlags="neverForLocation" />
18-->src\main\AndroidManifest.xml:45:71-117
19    <uses-permission android:name="android.permission.BLUETOOTH_CONNECT" />
19-->src\main\AndroidManifest.xml:46:5-76
19-->src\main\AndroidManifest.xml:46:22-73
20
21    <!-- Bluetooth permissions for Android 11 and lower -->
22    <uses-permission
22-->src\main\AndroidManifest.xml:49:5-95
23        android:name="android.permission.BLUETOOTH"
23-->src\main\AndroidManifest.xml:49:22-65
24        android:maxSdkVersion="30" />
24-->src\main\AndroidManifest.xml:49:66-92
25    <uses-permission
25-->src\main\AndroidManifest.xml:50:5-101
26        android:name="android.permission.BLUETOOTH_ADMIN"
26-->src\main\AndroidManifest.xml:50:22-71
27        android:maxSdkVersion="30" />
27-->src\main\AndroidManifest.xml:50:72-98
28
29    <!-- Location permission for Bluetooth scanning on Android 11 and lower -->
30    <uses-permission android:name="android.permission.ACCESS_FINE_LOCATION" />
30-->src\main\AndroidManifest.xml:53:5-79
30-->src\main\AndroidManifest.xml:53:22-76
31
32    <!-- Bluetooth -->
33    <uses-permission android:name="android.permission.ACCESS_COARSE_LOCATION" />
33-->[:capacitor-community-bluetooth-le] AndroidManifest.xml:8:5-81
33-->[:capacitor-community-bluetooth-le] AndroidManifest.xml:8:22-78
34
35    <uses-feature
35-->[:capacitor-community-bluetooth-le] AndroidManifest.xml:23:5-25:36
36        android:name="android.hardware.bluetooth_le"
36-->[:capacitor-community-bluetooth-le] AndroidManifest.xml:24:9-53
37        android:required="false" />
37-->[:capacitor-community-bluetooth-le] AndroidManifest.xml:25:9-33
38
39    <permission
39-->[androidx.core:core:1.12.0] AndroidManifest.xml:22:5-24:47
40        android:name="com.hetupathways.app.DYNAMIC_RECEIVER_NOT_EXPORTED_PERMISSION"
40-->[androidx.core:core:1.12.0] AndroidManifest.xml:23:9-81
41        android:protectionLevel="signature" />
41-->[androidx.core:core:1.12.0] AndroidManifest.xml:24:9-44
42
43    <uses-permission android:name="com.hetupathways.app.DYNAMIC_RECEIVER_NOT_EXPORTED_PERMISSION" />
43-->[androidx.core:core:1.12.0] AndroidManifest.xml:26:5-97
43-->[androidx.core:core:1.12.0] AndroidManifest.xml:26:22-94
44
45    <application
45-->src\main\AndroidManifest.xml:4:5-38:19
46        android:allowBackup="true"
46-->src\main\AndroidManifest.xml:5:9-35
47        android:appComponentFactory="androidx.core.app.CoreComponentFactory"
47-->[androidx.core:core:1.12.0] AndroidManifest.xml:28:18-86
48        android:debuggable="true"
49        android:extractNativeLibs="true"
50        android:hardwareAccelerated="true"
50-->src\main\AndroidManifest.xml:12:3-37
51        android:icon="@mipmap/ic_launcher"
51-->src\main\AndroidManifest.xml:6:9-43
52        android:label="@string/app_name"
52-->src\main\AndroidManifest.xml:7:9-41
53        android:roundIcon="@mipmap/ic_launcher_round"
53-->src\main\AndroidManifest.xml:8:9-54
54        android:supportsRtl="true"
54-->src\main\AndroidManifest.xml:9:9-35
55        android:testOnly="true"
56        android:theme="@style/AppTheme"
56-->src\main\AndroidManifest.xml:10:9-40
57        android:usesCleartextTraffic="true" >
57-->src\main\AndroidManifest.xml:11:3-38
58        <activity
58-->src\main\AndroidManifest.xml:14:9-27:20
59            android:name="com.hetupathways.app.MainActivity"
59-->src\main\AndroidManifest.xml:16:13-41
60            android:configChanges="orientation|keyboardHidden|keyboard|screenSize|locale|smallestScreenSize|screenLayout|uiMode"
60-->src\main\AndroidManifest.xml:15:13-129
61            android:exported="true"
61-->src\main\AndroidManifest.xml:20:13-36
62            android:label="@string/title_activity_main"
62-->src\main\AndroidManifest.xml:17:13-56
63            android:launchMode="singleTask"
63-->src\main\AndroidManifest.xml:19:13-44
64            android:theme="@style/AppTheme.NoActionBarLaunch" >
64-->src\main\AndroidManifest.xml:18:13-62
65            <intent-filter>
65-->src\main\AndroidManifest.xml:22:13-25:29
66                <action android:name="android.intent.action.MAIN" />
66-->src\main\AndroidManifest.xml:23:17-69
66-->src\main\AndroidManifest.xml:23:25-66
67
68                <category android:name="android.intent.category.LAUNCHER" />
68-->src\main\AndroidManifest.xml:24:17-77
68-->src\main\AndroidManifest.xml:24:27-74
69            </intent-filter>
70        </activity>
71
72        <provider
73            android:name="androidx.core.content.FileProvider"
73-->src\main\AndroidManifest.xml:30:13-62
74            android:authorities="com.hetupathways.app.fileprovider"
74-->src\main\AndroidManifest.xml:31:13-64
75            android:exported="false"
75-->src\main\AndroidManifest.xml:32:13-37
76            android:grantUriPermissions="true" >
76-->src\main\AndroidManifest.xml:33:13-47
77            <meta-data
77-->src\main\AndroidManifest.xml:34:13-36:64
78                android:name="android.support.FILE_PROVIDER_PATHS"
78-->src\main\AndroidManifest.xml:35:17-67
79                android:resource="@xml/file_paths" />
79-->src\main\AndroidManifest.xml:36:17-51
80        </provider>
81        <provider
81-->[androidx.emoji2:emoji2:1.2.0] AndroidManifest.xml:24:9-32:20
82            android:name="androidx.startup.InitializationProvider"
82-->[androidx.emoji2:emoji2:1.2.0] AndroidManifest.xml:25:13-67
83            android:authorities="com.hetupathways.app.androidx-startup"
83-->[androidx.emoji2:emoji2:1.2.0] AndroidManifest.xml:26:13-68
84            android:exported="false" >
84-->[androidx.emoji2:emoji2:1.2.0] AndroidManifest.xml:27:13-37
85            <meta-data
85-->[androidx.emoji2:emoji2:1.2.0] AndroidManifest.xml:29:13-31:52
86                android:name="androidx.emoji2.text.EmojiCompatInitializer"
86-->[androidx.emoji2:emoji2:1.2.0] AndroidManifest.xml:30:17-75
87                android:value="androidx.startup" />
87-->[androidx.emoji2:emoji2:1.2.0] AndroidManifest.xml:31:17-49
88            <meta-data
88-->[androidx.lifecycle:lifecycle-process:2.6.1] AndroidManifest.xml:29:13-31:52
89                android:name="androidx.lifecycle.ProcessLifecycleInitializer"
89-->[androidx.lifecycle:lifecycle-process:2.6.1] AndroidManifest.xml:30:17-78
90                android:value="androidx.startup" />
90-->[androidx.lifecycle:lifecycle-process:2.6.1] AndroidManifest.xml:31:17-49
91            <meta-data
91-->[androidx.profileinstaller:profileinstaller:1.3.0] AndroidManifest.xml:29:13-31:52
92                android:name="androidx.profileinstaller.ProfileInstallerInitializer"
92-->[androidx.profileinstaller:profileinstaller:1.3.0] AndroidManifest.xml:30:17-85
93                android:value="androidx.startup" />
93-->[androidx.profileinstaller:profileinstaller:1.3.0] AndroidManifest.xml:31:17-49
94        </provider>
95
96        <receiver
96-->[androidx.profileinstaller:profileinstaller:1.3.0] AndroidManifest.xml:34:9-52:20
97            android:name="androidx.profileinstaller.ProfileInstallReceiver"
97-->[androidx.profileinstaller:profileinstaller:1.3.0] AndroidManifest.xml:35:13-76
98            android:directBootAware="false"
98-->[androidx.profileinstaller:profileinstaller:1.3.0] AndroidManifest.xml:36:13-44
99            android:enabled="true"
99-->[androidx.profileinstaller:profileinstaller:1.3.0] AndroidManifest.xml:37:13-35
100            android:exported="true"
100-->[androidx.profileinstaller:profileinstaller:1.3.0] AndroidManifest.xml:38:13-36
101            android:permission="android.permission.DUMP" >
101-->[androidx.profileinstaller:profileinstaller:1.3.0] AndroidManifest.xml:39:13-57
102            <intent-filter>
102-->[androidx.profileinstaller:profileinstaller:1.3.0] AndroidManifest.xml:40:13-42:29
103                <action android:name="androidx.profileinstaller.action.INSTALL_PROFILE" />
103-->[androidx.profileinstaller:profileinstaller:1.3.0] AndroidManifest.xml:41:17-91
103-->[androidx.profileinstaller:profileinstaller:1.3.0] AndroidManifest.xml:41:25-88
104            </intent-filter>
105            <intent-filter>
105-->[androidx.profileinstaller:profileinstaller:1.3.0] AndroidManifest.xml:43:13-45:29
106                <action android:name="androidx.profileinstaller.action.SKIP_FILE" />
106-->[androidx.profileinstaller:profileinstaller:1.3.0] AndroidManifest.xml:44:17-85
106-->[androidx.profileinstaller:profileinstaller:1.3.0] AndroidManifest.xml:44:25-82
107            </intent-filter>
108            <intent-filter>
108-->[androidx.profileinstaller:profileinstaller:1.3.0] AndroidManifest.xml:46:13-48:29
109                <action android:name="androidx.profileinstaller.action.SAVE_PROFILE" />
109-->[androidx.profileinstaller:profileinstaller:1.3.0] AndroidManifest.xml:47:17-88
109-->[androidx.profileinstaller:profileinstaller:1.3.0] AndroidManifest.xml:47:25-85
110            </intent-filter>
111            <intent-filter>
111-->[androidx.profileinstaller:profileinstaller:1.3.0] AndroidManifest.xml:49:13-51:29
112                <action android:name="androidx.profileinstaller.action.BENCHMARK_OPERATION" />
112-->[androidx.profileinstaller:profileinstaller:1.3.0] AndroidManifest.xml:50:17-95
112-->[androidx.profileinstaller:profileinstaller:1.3.0] AndroidManifest.xml:50:25-92
113            </intent-filter>
114        </receiver>
115    </application>
116
117</manifest>